CRITICAL - 2022-06-26 05:22:50 --> Unclosed '{' on line 6
in APPPATH\Models\DataModel.php on line 27.
 1 SYSTEMPATH\Autoloader\Autoloader.php(261): CodeIgniter\Autoloader\Autoloader->includeFile('APPPATH\\Models\\DataModel.php')
 2 SYSTEMPATH\Autoloader\Autoloader.php(239): CodeIgniter\Autoloader\Autoloader->loadInNamespace('App\\Models\\DataModel')
 3 APPPATH\Controllers\BaseController.php(52): CodeIgniter\Autoloader\Autoloader->loadClass('App\\Models\\DataModel')
 4 SYSTEMPATH\CodeIgniter.php(859): App\Controllers\BaseController->initController(Object(CodeIgniter\HTTP\IncomingRequest), Object(CodeIgniter\HTTP\Response), Object(CodeIgniter\Log\Logger))
 5 SYSTEMPATH\CodeIgniter.php(457): CodeIgniter\CodeIgniter->createController()
 6 SYSTEMPATH\CodeIgniter.php(349): CodeIgniter\CodeIgniter->handleRequest(null, Object(Config\Cache), false)
 7 FCPATH\index.php(55): CodeIgniter\CodeIgniter->run()
CRITICAL - 2022-06-26 05:23:48 --> Too few arguments to function App\Models\DataModel::writeData(), 0 passed in C:\xampp\htdocs\websites\datareplication\app\Controllers\Write.php on line 18 and exactly 2 expected
in APPPATH\Models\DataModel.php on line 22.
 1 APPPATH\Controllers\Write.php(18): App\Models\DataModel->writeData()
 2 SYSTEMPATH\CodeIgniter.php(896): App\Controllers\Write->writeData()
 3 SYSTEMPATH\CodeIgniter.php(466): CodeIgniter\CodeIgniter->runController(Object(App\Controllers\Write))
 4 SYSTEMPATH\CodeIgniter.php(349): CodeIgniter\CodeIgniter->handleRequest(null, Object(Config\Cache), false)
 5 FCPATH\index.php(55): CodeIgniter\CodeIgniter->run()
ERROR - 2022-06-26 05:24:31 --> No database selected
ERROR - 2022-06-26 05:25:21 --> No database selected
CRITICAL - 2022-06-26 07:25:58 --> Invalid file: add-data-form.php
in SYSTEMPATH\Exceptions\FrameworkException.php on line 33.
 1 SYSTEMPATH\View\View.php(201): CodeIgniter\Exceptions\FrameworkException::forInvalidFile('add-data-form.php')
 2 SYSTEMPATH\Common.php(1135): CodeIgniter\View\View->render('add-data-form', [], true)
 3 APPPATH\Controllers\Write.php(22): view('add-data-form')
 4 SYSTEMPATH\CodeIgniter.php(896): App\Controllers\Write->addDataForm()
 5 SYSTEMPATH\CodeIgniter.php(466): CodeIgniter\CodeIgniter->runController(Object(App\Controllers\Write))
 6 SYSTEMPATH\CodeIgniter.php(349): CodeIgniter\CodeIgniter->handleRequest(null, Object(Config\Cache), false)
 7 FCPATH\index.php(55): CodeIgniter\CodeIgniter->run()
CRITICAL - 2022-06-26 07:27:01 --> Invalid file: add-data-form.php
in SYSTEMPATH\Exceptions\FrameworkException.php on line 33.
 1 SYSTEMPATH\View\View.php(201): CodeIgniter\Exceptions\FrameworkException::forInvalidFile('add-data-form.php')
 2 SYSTEMPATH\Common.php(1135): CodeIgniter\View\View->render('add-data-form', [], true)
 3 APPPATH\Controllers\Write.php(22): view('add-data-form')
 4 SYSTEMPATH\CodeIgniter.php(896): App\Controllers\Write->addDataForm()
 5 SYSTEMPATH\CodeIgniter.php(466): CodeIgniter\CodeIgniter->runController(Object(App\Controllers\Write))
 6 SYSTEMPATH\CodeIgniter.php(349): CodeIgniter\CodeIgniter->handleRequest(null, Object(Config\Cache), false)
 7 FCPATH\index.php(55): CodeIgniter\CodeIgniter->run()
CRITICAL - 2022-06-26 09:19:56 --> Undefined variable $data
in APPPATH\Controllers\Read.php on line 27.
 1 APPPATH\Controllers\Read.php(27): CodeIgniter\Debug\Exceptions->errorHandler(2, 'Undefined variable $data', 'APPPATH\\Controllers\\Read.php', 27)
 2 SYSTEMPATH\CodeIgniter.php(896): App\Controllers\Read->showData()
 3 SYSTEMPATH\CodeIgniter.php(466): CodeIgniter\CodeIgniter->runController(Object(App\Controllers\Read))
 4 SYSTEMPATH\CodeIgniter.php(349): CodeIgniter\CodeIgniter->handleRequest(null, Object(Config\Cache), false)
 5 FCPATH\index.php(55): CodeIgniter\CodeIgniter->run()
CRITICAL - 2022-06-26 09:27:02 --> Undefined property: stdClass::$key
in APPPATH\Views\show-data.php on line 13.
 1 APPPATH\Views\show-data.php(13): CodeIgniter\Debug\Exceptions->errorHandler(2, 'Undefined property: stdClass::$key', 'APPPATH\\Views\\show-data.php', 13)
 2 SYSTEMPATH\View\View.php(213): include('APPPATH\\Views\\show-data.php')
 3 SYSTEMPATH\View\View.php(216): CodeIgniter\View\View->CodeIgniter\View\{closure}()
 4 SYSTEMPATH\Common.php(1135): CodeIgniter\View\View->render('show-data', [], true)
 5 APPPATH\Controllers\Read.php(27): view('show-data', [...])
 6 SYSTEMPATH\CodeIgniter.php(896): App\Controllers\Read->showData()
 7 SYSTEMPATH\CodeIgniter.php(466): CodeIgniter\CodeIgniter->runController(Object(App\Controllers\Read))
 8 SYSTEMPATH\CodeIgniter.php(349): CodeIgniter\CodeIgniter->handleRequest(null, Object(Config\Cache), false)
 9 FCPATH\index.php(55): CodeIgniter\CodeIgniter->run()
